{"name":"Log","hostname":"a9df308ac858","pid":1,"level":30,"msg":"Creating table: posts","time":"2019-08-19T22:08:14.253Z","v":0}
{"name":"Log","hostname":"a9df308ac858","pid":1,"level":30,"msg":"Creating table: users","time":"2019-08-19T22:08:14.269Z","v":0}
{"name":"Log","hostname":"a9df308ac858","pid":1,"level":30,"msg":"Creating table: posts_authors","time":"2019-08-19T22:08:14.296Z","v":0}
{"name":"Log","hostname":"a9df308ac858","pid":1,"level":30,"msg":"Creating table: roles","time":"2019-08-19T22:08:14.301Z","v":0}
{"name":"Log","hostname":"a9df308ac858","pid":1,"level":30,"msg":"Creating table: roles_users","time":"2019-08-19T22:08:14.310Z","v":0}
{"name":"Log","hostname":"a9df308ac858","pid":1,"level":30,"msg":"Creating table: permissions","time":"2019-08-19T22:08:14.315Z","v":0}
{"name":"Log","hostname":"a9df308ac858","pid":1,"level":30,"msg":"Creating table: permissions_users","time":"2019-08-19T22:08:14.325Z","v":0}
{"name":"Log","hostname":"a9df308ac858","pid":1,"level":30,"msg":"Creating table: permissions_roles","time":"2019-08-19T22:08:14.330Z","v":0}
{"name":"Log","hostname":"a9df308ac858","pid":1,"level":30,"msg":"Creating table: permissions_apps","time":"2019-08-19T22:08:14.334Z","v":0}
{"name":"Log","hostname":"a9df308ac858","pid":1,"level":30,"msg":"Creating table: settings","time":"2019-08-19T22:08:14.339Z","v":0}
{"name":"Log","hostname":"a9df308ac858","pid":1,"level":30,"msg":"Creating table: tags","time":"2019-08-19T22:08:14.351Z","v":0}
{"name":"Log","hostname":"a9df308ac858","pid":1,"level":30,"msg":"Creating table: posts_tags","time":"2019-08-19T22:08:14.361Z","v":0}
{"name":"Log","hostname":"a9df308ac858","pid":1,"level":30,"msg":"Creating table: apps","time":"2019-08-19T22:08:14.366Z","v":0}
{"name":"Log","hostname":"a9df308ac858","pid":1,"level":30,"msg":"Creating table: app_settings","time":"2019-08-19T22:08:14.378Z","v":0}
{"name":"Log","hostname":"a9df308ac858","pid":1,"level":30,"msg":"Creating table: app_fields","time":"2019-08-19T22:08:14.387Z","v":0}
{"name":"Log","hostname":"a9df308ac858","pid":1,"level":30,"msg":"Creating table: clients","time":"2019-08-19T22:08:14.393Z","v":0}
{"name":"Log","hostname":"a9df308ac858","pid":1,"level":30,"msg":"Creating table: client_trusted_domains","time":"2019-08-19T22:08:14.404Z","v":0}
{"name":"Log","hostname":"a9df308ac858","pid":1,"level":30,"msg":"Creating table: accesstokens","time":"2019-08-19T22:08:14.409Z","v":0}
{"name":"Log","hostname":"a9df308ac858","pid":1,"level":30,"msg":"Creating table: refreshtokens","time":"2019-08-19T22:08:14.418Z","v":0}
{"name":"Log","hostname":"a9df308ac858","pid":1,"level":30,"msg":"Creating table: subscribers","time":"2019-08-19T22:08:14.426Z","v":0}
{"name":"Log","hostname":"a9df308ac858","pid":1,"level":30,"msg":"Creating table: invites","time":"2019-08-19T22:08:14.435Z","v":0}
{"name":"Log","hostname":"a9df308ac858","pid":1,"level":30,"msg":"Creating table: brute","time":"2019-08-19T22:08:14.445Z","v":0}
{"name":"Log","hostname":"a9df308ac858","pid":1,"level":30,"msg":"Creating table: webhooks","time":"2019-08-19T22:08:14.450Z","v":0}
{"name":"Log","hostname":"a9df308ac858","pid":1,"level":30,"msg":"Creating table: sessions","time":"2019-08-19T22:08:14.454Z","v":0}
{"name":"Log","hostname":"a9df308ac858","pid":1,"level":30,"msg":"Creating table: integrations","time":"2019-08-19T22:08:14.461Z","v":0}
{"name":"Log","hostname":"a9df308ac858","pid":1,"level":30,"msg":"Creating table: api_keys","time":"2019-08-19T22:08:14.468Z","v":0}
{"name":"Log","hostname":"a9df308ac858","pid":1,"level":30,"msg":"Creating table: mobiledoc_revisions","time":"2019-08-19T22:08:14.476Z","v":0}
{"name":"Log","hostname":"a9df308ac858","pid":1,"level":30,"msg":"Creating table: members","time":"2019-08-19T22:08:14.483Z","v":0}
{"name":"Log","hostname":"a9df308ac858","pid":1,"level":30,"msg":"Creating table: actions","time":"2019-08-19T22:08:14.492Z","v":0}
{"name":"Log","hostname":"a9df308ac858","pid":1,"level":30,"msg":"Model: Tag","time":"2019-08-19T22:08:14.504Z","v":0}
{"name":"Log","hostname":"a9df308ac858","pid":1,"level":30,"msg":"Model: Client","time":"2019-08-19T22:08:14.537Z","v":0}
{"name":"Log","hostname":"a9df308ac858","pid":1,"level":30,"msg":"Model: Role","time":"2019-08-19T22:08:14.555Z","v":0}
{"name":"Log","hostname":"a9df308ac858","pid":1,"level":30,"msg":"Model: Permission","time":"2019-08-19T22:08:14.592Z","v":0}
{"name":"Log","hostname":"a9df308ac858","pid":1,"level":30,"msg":"Model: User","time":"2019-08-19T22:08:14.981Z","v":0}
{"name":"Log","hostname":"a9df308ac858","pid":1,"level":30,"msg":"Model: Post","time":"2019-08-19T22:08:15.599Z","v":0}
{"name":"Log","hostname":"a9df308ac858","pid":1,"level":30,"msg":"Model: Integration","time":"2019-08-19T22:08:16.014Z","v":0}
{"name":"Log","hostname":"a9df308ac858","pid":1,"level":30,"msg":"Relation: Role to Permission","time":"2019-08-19T22:08:16.055Z","v":0}
{"name":"Log","hostname":"a9df308ac858","pid":1,"level":30,"msg":"Relation: Post to Tag","time":"2019-08-19T22:08:16.477Z","v":0}
{"name":"Log","hostname":"a9df308ac858","pid":1,"level":30,"msg":"Relation: User to Role","time":"2019-08-19T22:08:16.526Z","v":0}
{"name":"Log","hostname":"a9df308ac858","pid":1,"level":30,"msg":"Ghost is running in production...","time":"2019-08-19T22:08:20.152Z","v":0}
{"name":"Log","hostname":"a9df308ac858","pid":1,"level":30,"msg":"Your site is now available on http://sahorymailaweb.com:3001/","time":"2019-08-19T22:08:20.154Z","v":0}
{"name":"Log","hostname":"a9df308ac858","pid":1,"level":30,"msg":"Ctrl+C to shut down","time":"2019-08-19T22:08:20.156Z","v":0}
{"name":"Log","hostname":"a9df308ac858","pid":1,"level":30,"msg":"Ghost boot 7.891s","time":"2019-08-19T22:08:20.158Z","v":0}
{"name":"Log","hostname":"a9df308ac858","pid":1,"level":40,"msg":"Cookie members-ssr not found","time":"2019-08-19T22:09:14.010Z","v":0}
{"name":"Log","hostname":"a9df308ac858","pid":1,"level":30,"req":{"meta":{"requestId":"a333182b-348f-48b4-94ec-b2fab8db452e","userId":null},"url":"/","method":"GET","originalUrl":"/","params":{},"headers":{"host":"sahorymailaweb.com:3001","connection":"keep-alive","upgrade-insecure-requests":"1","user-agent":"Mozilla/5.0 (Windows NT 10.0; Win64; x64) AppleWebKit/537.36 (KHTML, like Gecko) Chrome/76.0.3809.100 Safari/537.36","accept":"text/html,application/xhtml+xml,application/xml;q=0.9,image/webp,image/apng,*/*;q=0.8,application/signed-exchange;v=b3","accept-encoding":"gzip, deflate","accept-language":"es-ES,es;q=0.9","cookie":"**REDACTED**"},"query":{}},"res":{"_headers":{"x-powered-by":"Express","cache-control":"public, max-age=0","content-type":"text/html; charset=utf-8","etag":"W/\"552a-m2VQcyU+OIEtbEUfnA76ap/SQZE\"","vary":"Accept-Encoding","content-encoding":"gzip"},"statusCode":200,"responseTime":"824ms"},"msg":"","time":"2019-08-19T22:09:14.824Z","v":0}
{"name":"Log","hostname":"a9df308ac858","pid":1,"level":40,"msg":"Cookie members-ssr not found","time":"2019-08-19T22:09:14.948Z","v":0}
{"name":"Log","hostname":"a9df308ac858","pid":1,"level":30,"req":{"meta":{"requestId":"ce4edda9-bb2a-47a6-a78a-1228ddb8b973","userId":null},"url":"/assets/built/screen.css?v=d6ef457601","method":"GET","originalUrl":"/assets/built/screen.css?v=d6ef457601","params":{},"headers":{"host":"sahorymailaweb.com:3001","connection":"keep-alive","user-agent":"Mozilla/5.0 (Windows NT 10.0; Win64; x64) AppleWebKit/537.36 (KHTML, like Gecko) Chrome/76.0.3809.100 Safari/537.36","accept":"text/css,*/*;q=0.1","referer":"http://sahorymailaweb.com:3001/","accept-encoding":"gzip, deflate","accept-language":"es-ES,es;q=0.9","cookie":"**REDACTED**"},"query":{"v":"d6ef457601"}},"res":{"_headers":{"x-powered-by":"Express","accept-ranges":"bytes","cache-control":"public, max-age=31536000","last-modified":"Sat, 26 Oct 1985 08:15:00 GMT","etag":"W/\"9f3c-7438674ba0\"","content-type":"text/css; charset=UTF-8","vary":"Accept-Encoding","content-encoding":"gzip"},"statusCode":200,"responseTime":"10ms"},"msg":"","time":"2019-08-19T22:09:14.958Z","v":0}
{"name":"Log","hostname":"a9df308ac858","pid":1,"level":40,"msg":"Cookie members-ssr not found","time":"2019-08-19T22:09:15.021Z","v":0}
{"name":"Log","hostname":"a9df308ac858","pid":1,"level":30,"req":{"meta":{"requestId":"ed5c4308-f01b-440b-ac98-c5314af5b186","userId":null},"url":"/assets/built/jquery.fitvids.js?v=d6ef457601","method":"GET","originalUrl":"/assets/built/jquery.fitvids.js?v=d6ef457601","params":{},"headers":{"host":"sahorymailaweb.com:3001","connection":"keep-alive","user-agent":"Mozilla/5.0 (Windows NT 10.0; Win64; x64) AppleWebKit/537.36 (KHTML, like Gecko) Chrome/76.0.3809.100 Safari/537.36","accept":"*/*","referer":"http://sahorymailaweb.com:3001/","accept-encoding":"gzip, deflate","accept-language":"es-ES,es;q=0.9","cookie":"**REDACTED**"},"query":{"v":"d6ef457601"}},"res":{"_headers":{"x-powered-by":"Express","accept-ranges":"bytes","cache-control":"public, max-age=31536000","last-modified":"Sat, 26 Oct 1985 08:15:00 GMT","etag":"W/\"777-7438674ba0\"","content-type":"application/javascript; charset=UTF-8","vary":"Accept-Encoding","content-encoding":"gzip"},"statusCode":200,"responseTime":"5ms"},"msg":"","time":"2019-08-19T22:09:15.026Z","v":0}
{"name":"Log","hostname":"a9df308ac858","pid":1,"level":40,"msg":"Cookie members-ssr not found","time":"2019-08-19T22:09:15.123Z","v":0}
{"name":"Log","hostname":"a9df308ac858","pid":1,"level":30,"req":{"meta":{"requestId":"065987c2-2a76-43b1-be04-46d3e0cb3658","userId":null},"url":"/assets/built/infinitescroll.js?v=d6ef457601","method":"GET","originalUrl":"/assets/built/infinitescroll.js?v=d6ef457601","params":{},"headers":{"host":"sahorymailaweb.com:3001","connection":"keep-alive","user-agent":"Mozilla/5.0 (Windows NT 10.0; Win64; x64) AppleWebKit/537.36 (KHTML, like Gecko) Chrome/76.0.3809.100 Safari/537.36","accept":"*/*","referer":"http://sahorymailaweb.com:3001/","accept-encoding":"gzip, deflate","accept-language":"es-ES,es;q=0.9","cookie":"**REDACTED**"},"query":{"v":"d6ef457601"}},"res":{"_headers":{"x-powered-by":"Express","accept-ranges":"bytes","cache-control":"public, max-age=31536000","last-modified":"Sat, 26 Oct 1985 08:15:00 GMT","etag":"W/\"3f0-7438674ba0\"","content-type":"application/javascript; charset=UTF-8","content-length":1008,"vary":"Accept-Encoding"},"statusCode":200,"responseTime":"6ms"},"msg":"","time":"2019-08-19T22:09:15.127Z","v":0}
{"name":"Log","hostname":"a9df308ac858","pid":1,"level":30,"req":{"meta":{"requestId":"974a9327-bb6a-41dc-8b7f-003fb39b368a","userId":null},"url":"/favicon.ico","method":"GET","originalUrl":"/favicon.ico","params":{},"headers":{"host":"sahorymailaweb.com:3001","connection":"keep-alive","user-agent":"Mozilla/5.0 (Windows NT 10.0; Win64; x64) AppleWebKit/537.36 (KHTML, like Gecko) Chrome/76.0.3809.100 Safari/537.36","accept":"image/webp,image/apng,image/*,*/*;q=0.8","referer":"http://sahorymailaweb.com:3001/","accept-encoding":"gzip, deflate","accept-language":"es-ES,es;q=0.9","cookie":"**REDACTED**"},"query":{}},"res":{"_headers":{"x-powered-by":"Express","content-type":"image/x-icon","etag":"\"36e47e74810a0d8c32a77f495c49cf8e\"","cache-control":"public, max-age=86400","vary":"Accept-Encoding","content-encoding":"gzip"},"statusCode":200,"responseTime":"6ms"},"msg":"","time":"2019-08-19T22:09:26.925Z","v":0}
{"name":"Log","hostname":"a9df308ac858","pid":1,"level":40,"msg":"Cookie members-ssr not found","time":"2019-08-19T22:13:38.389Z","v":0}
{"name":"Log","hostname":"a9df308ac858","pid":1,"level":30,"req":{"meta":{"requestId":"bea36b83-b79d-4737-8192-9822e52917b3","userId":null},"url":"/","method":"GET","originalUrl":"/","params":{},"headers":{"host":"sahorymailaweb.com:3001","connection":"keep-alive","upgrade-insecure-requests":"1","user-agent":"Mozilla/5.0 (Windows NT 10.0; Win64; x64) AppleWebKit/537.36 (KHTML, like Gecko) Chrome/76.0.3809.100 Safari/537.36","accept":"text/html,application/xhtml+xml,application/xml;q=0.9,image/webp,image/apng,*/*;q=0.8,application/signed-exchange;v=b3","accept-encoding":"gzip, deflate","accept-language":"es-ES,es;q=0.9","cookie":"**REDACTED**","if-none-match":"W/\"552a-m2VQcyU+OIEtbEUfnA76ap/SQZE\""},"query":{}},"res":{"_headers":{"x-powered-by":"Express","cache-control":"public, max-age=0","etag":"W/\"552a-m2VQcyU+OIEtbEUfnA76ap/SQZE\""},"statusCode":304,"responseTime":"130ms"},"msg":"","time":"2019-08-19T22:13:38.522Z","v":0}
